2023-10-27T11:26:58.065+05:30  INFO 21400 --- [main] c.b.p.BlogAppPostServerApplicationTests  : Starting BlogAppPostServerApplicationTests using Java 17.0.7 with PID 21400 (started by NKUNDUR in C:\Users\nkundur\Documents\Work\blog-app-spring\blog-app-post-server)
2023-10-27T11:26:58.068+05:30  INFO 21400 --- [main] c.b.p.BlogAppPostServerApplicationTests  : No active profile set, falling back to 1 default profile: "default"
2023-10-27T11:26:58.836+05:30  INFO 21400 --- [main] .s.d.r.c.RepositoryConfigurationDelegate : Bootstrapping Spring Data JPA repositories in DEFAULT mode.
2023-10-27T11:26:58.906+05:30  INFO 21400 --- [main] .s.d.r.c.RepositoryConfigurationDelegate : Finished Spring Data repository scanning in 57 ms. Found 1 JPA repository interfaces.
2023-10-27T11:26:59.443+05:30  INFO 21400 --- [main] o.hibernate.jpa.internal.util.LogHelper  : HHH000204: Processing PersistenceUnitInfo [name: default]
2023-10-27T11:26:59.532+05:30  INFO 21400 --- [main] org.hibernate.Version                    : HHH000412: Hibernate ORM core version 6.1.7.Final
2023-10-27T11:26:59.935+05:30  INFO 21400 --- [main] com.zaxxer.hikari.HikariDataSource       : HikariPool-1 - Starting...
2023-10-27T11:27:00.220+05:30  INFO 21400 --- [main] com.zaxxer.hikari.pool.HikariPool        : HikariPool-1 - Added connection org.postgresql.jdbc.PgConnection@6615237
2023-10-27T11:27:00.222+05:30  INFO 21400 --- [main] com.zaxxer.hikari.HikariDataSource       : HikariPool-1 - Start completed.
2023-10-27T11:27:00.279+05:30  INFO 21400 --- [main] SQL dialect                              : HHH000400: Using dialect: org.hibernate.dialect.PostgreSQLDialect
2023-10-27T11:27:01.262+05:30  INFO 21400 --- [main] o.h.e.t.j.p.i.JtaPlatformInitiator       : HHH000490: Using JtaPlatform implementation: [org.hibernate.engine.transaction.jta.platform.internal.NoJtaPlatform]
2023-10-27T11:27:01.278+05:30  INFO 21400 --- [main] j.LocalContainerEntityManagerFactoryBean : Initialized JPA EntityManagerFactory for persistence unit 'default'
2023-10-27T11:27:01.810+05:30  WARN 21400 --- [main] JpaBaseConfiguration$JpaWebConfiguration : spring.jpa.open-in-view is enabled by default. Therefore, database queries may be performed during view rendering. Explicitly configure spring.jpa.open-in-view to disable this warning
2023-10-27T11:27:02.201+05:30  INFO 21400 --- [main] c.b.p.BlogAppPostServerApplicationTests  : Started BlogAppPostServerApplicationTests in 4.435 seconds (process running for 5.625)
2023-10-27T11:27:02.491+05:30  INFO 21400 --- [SpringApplicationShutdownHook] j.LocalContainerEntityManagerFactoryBean : Closing JPA EntityManagerFactory for persistence unit 'default'
2023-10-27T11:27:02.493+05:30  INFO 21400 --- [SpringApplicationShutdownHook] com.zaxxer.hikari.HikariDataSource       : HikariPool-1 - Shutdown initiated...
2023-10-27T11:27:02.504+05:30  INFO 21400 --- [SpringApplicationShutdownHook] com.zaxxer.hikari.HikariDataSource       : HikariPool-1 - Shutdown completed.
2023-10-27T11:29:48.299+05:30  INFO 5812 --- [main] c.b.post.BlogAppPostServerApplication    : Starting BlogAppPostServerApplication using Java 17.0.7 with PID 5812 (C:\Users\nkundur\Documents\Work\blog-app-spring\blog-app-post-server\target\classes started by NKUNDUR in C:\Users\nkundur\Documents\Work\blog-app-spring\blog-app-post-server)
2023-10-27T11:29:48.303+05:30  INFO 5812 --- [main] c.b.post.BlogAppPostServerApplication    : No active profile set, falling back to 1 default profile: "default"
2023-10-27T11:29:48.882+05:30  INFO 5812 --- [main] .s.d.r.c.RepositoryConfigurationDelegate : Bootstrapping Spring Data JPA repositories in DEFAULT mode.
2023-10-27T11:29:48.943+05:30  INFO 5812 --- [main] .s.d.r.c.RepositoryConfigurationDelegate : Finished Spring Data repository scanning in 53 ms. Found 1 JPA repository interfaces.
2023-10-27T11:29:49.375+05:30  INFO 5812 --- [main] o.s.b.w.embedded.tomcat.TomcatWebServer  : Tomcat initialized with port(s): 8081 (http)
2023-10-27T11:29:49.386+05:30  INFO 5812 --- [main] o.apache.catalina.core.StandardService   : Starting service [Tomcat]
2023-10-27T11:29:49.386+05:30  INFO 5812 --- [main] o.apache.catalina.core.StandardEngine    : Starting Servlet engine: [Apache Tomcat/10.1.15]
2023-10-27T11:29:49.502+05:30  INFO 5812 --- [main] o.a.c.c.C.[Tomcat].[localhost].[/]       : Initializing Spring embedded WebApplicationContext
2023-10-27T11:29:49.503+05:30  INFO 5812 --- [main] w.s.c.ServletWebServerApplicationContext : Root WebApplicationContext: initialization completed in 1153 ms
2023-10-27T11:29:49.648+05:30  INFO 5812 --- [main] o.hibernate.jpa.internal.util.LogHelper  : HHH000204: Processing PersistenceUnitInfo [name: default]
2023-10-27T11:29:49.696+05:30  INFO 5812 --- [main] org.hibernate.Version                    : HHH000412: Hibernate ORM core version 6.1.7.Final
2023-10-27T11:29:49.925+05:30  INFO 5812 --- [main] com.zaxxer.hikari.HikariDataSource       : HikariPool-1 - Starting...
2023-10-27T11:29:50.223+05:30  INFO 5812 --- [main] com.zaxxer.hikari.pool.HikariPool        : HikariPool-1 - Added connection org.postgresql.jdbc.PgConnection@43e3a390
2023-10-27T11:29:50.225+05:30  INFO 5812 --- [main] com.zaxxer.hikari.HikariDataSource       : HikariPool-1 - Start completed.
2023-10-27T11:29:50.275+05:30  INFO 5812 --- [main] SQL dialect                              : HHH000400: Using dialect: org.hibernate.dialect.PostgreSQLDialect
2023-10-27T11:29:50.957+05:30  INFO 5812 --- [main] o.h.e.t.j.p.i.JtaPlatformInitiator       : HHH000490: Using JtaPlatform implementation: [org.hibernate.engine.transaction.jta.platform.internal.NoJtaPlatform]
2023-10-27T11:29:50.967+05:30  INFO 5812 --- [main] j.LocalContainerEntityManagerFactoryBean : Initialized JPA EntityManagerFactory for persistence unit 'default'
2023-10-27T11:29:51.241+05:30  WARN 5812 --- [main] JpaBaseConfiguration$JpaWebConfiguration : spring.jpa.open-in-view is enabled by default. Therefore, database queries may be performed during view rendering. Explicitly configure spring.jpa.open-in-view to disable this warning
2023-10-27T11:29:51.564+05:30  INFO 5812 --- [main] o.s.b.w.embedded.tomcat.TomcatWebServer  : Tomcat started on port(s): 8081 (http) with context path ''
2023-10-27T11:29:51.575+05:30  INFO 5812 --- [main] c.b.post.BlogAppPostServerApplication    : Started BlogAppPostServerApplication in 3.703 seconds (process running for 4.358)
2023-10-27T11:29:59.598+05:30  INFO 5812 --- [RMI TCP Connection(8)-127.0.0.1] inMXBeanRegistrar$SpringApplicationAdmin : Application shutdown requested.
2023-10-27T11:29:59.611+05:30  INFO 5812 --- [RMI TCP Connection(8)-127.0.0.1] o.apache.catalina.core.StandardService   : Stopping service [Tomcat]
2023-10-27T11:29:59.620+05:30  INFO 5812 --- [RMI TCP Connection(8)-127.0.0.1] j.LocalContainerEntityManagerFactoryBean : Closing JPA EntityManagerFactory for persistence unit 'default'
2023-10-27T11:29:59.622+05:30  INFO 5812 --- [RMI TCP Connection(8)-127.0.0.1] com.zaxxer.hikari.HikariDataSource       : HikariPool-1 - Shutdown initiated...
2023-10-27T11:29:59.627+05:30  INFO 5812 --- [RMI TCP Connection(8)-127.0.0.1] com.zaxxer.hikari.HikariDataSource       : HikariPool-1 - Shutdown completed.
2023-10-27T12:29:49.071+05:30  INFO 3148 --- [main] c.b.post.BlogAppPostServerApplication    : Starting BlogAppPostServerApplication using Java 17.0.7 with PID 3148 (C:\Users\nkundur\Documents\Work\blog-app-spring\blog-app-post-server\target\classes started by NKUNDUR in C:\Users\nkundur\Documents\Work\blog-app-spring\blog-app-post-server)
2023-10-27T12:29:49.075+05:30  INFO 3148 --- [main] c.b.post.BlogAppPostServerApplication    : No active profile set, falling back to 1 default profile: "default"
2023-10-27T12:29:49.603+05:30  INFO 3148 --- [main] .s.d.r.c.RepositoryConfigurationDelegate : Bootstrapping Spring Data JPA repositories in DEFAULT mode.
2023-10-27T12:29:49.665+05:30  INFO 3148 --- [main] .s.d.r.c.RepositoryConfigurationDelegate : Finished Spring Data repository scanning in 53 ms. Found 1 JPA repository interfaces.
2023-10-27T12:29:50.200+05:30  INFO 3148 --- [main] o.s.b.w.embedded.tomcat.TomcatWebServer  : Tomcat initialized with port(s): 8081 (http)
2023-10-27T12:29:50.212+05:30  INFO 3148 --- [main] o.apache.catalina.core.StandardService   : Starting service [Tomcat]
2023-10-27T12:29:50.212+05:30  INFO 3148 --- [main] o.apache.catalina.core.StandardEngine    : Starting Servlet engine: [Apache Tomcat/10.1.15]
2023-10-27T12:29:50.348+05:30  INFO 3148 --- [main] o.a.c.c.C.[Tomcat].[localhost].[/]       : Initializing Spring embedded WebApplicationContext
2023-10-27T12:29:50.349+05:30  INFO 3148 --- [main] w.s.c.ServletWebServerApplicationContext : Root WebApplicationContext: initialization completed in 1233 ms
2023-10-27T12:29:50.495+05:30  INFO 3148 --- [main] o.hibernate.jpa.internal.util.LogHelper  : HHH000204: Processing PersistenceUnitInfo [name: default]
2023-10-27T12:29:50.542+05:30  INFO 3148 --- [main] org.hibernate.Version                    : HHH000412: Hibernate ORM core version 6.1.7.Final
2023-10-27T12:29:50.782+05:30  INFO 3148 --- [main] com.zaxxer.hikari.HikariDataSource       : HikariPool-1 - Starting...
2023-10-27T12:29:50.989+05:30  INFO 3148 --- [main] com.zaxxer.hikari.pool.HikariPool        : HikariPool-1 - Added connection org.postgresql.jdbc.PgConnection@27afbf14
2023-10-27T12:29:50.991+05:30  INFO 3148 --- [main] com.zaxxer.hikari.HikariDataSource       : HikariPool-1 - Start completed.
2023-10-27T12:29:51.042+05:30  INFO 3148 --- [main] SQL dialect                              : HHH000400: Using dialect: org.hibernate.dialect.PostgreSQLDialect
2023-10-27T12:29:51.740+05:30  INFO 3148 --- [main] o.h.e.t.j.p.i.JtaPlatformInitiator       : HHH000490: Using JtaPlatform implementation: [org.hibernate.engine.transaction.jta.platform.internal.NoJtaPlatform]
2023-10-27T12:29:51.752+05:30  INFO 3148 --- [main] j.LocalContainerEntityManagerFactoryBean : Initialized JPA EntityManagerFactory for persistence unit 'default'
2023-10-27T12:29:52.061+05:30  WARN 3148 --- [main] JpaBaseConfiguration$JpaWebConfiguration : spring.jpa.open-in-view is enabled by default. Therefore, database queries may be performed during view rendering. Explicitly configure spring.jpa.open-in-view to disable this warning
2023-10-27T12:29:52.390+05:30  INFO 3148 --- [main] o.s.b.w.embedded.tomcat.TomcatWebServer  : Tomcat started on port(s): 8081 (http) with context path ''
2023-10-27T12:29:52.400+05:30  INFO 3148 --- [main] c.b.post.BlogAppPostServerApplication    : Started BlogAppPostServerApplication in 3.738 seconds (process running for 4.645)
2023-10-27T12:30:21.753+05:30  INFO 3148 --- [http-nio-8081-exec-3] o.a.c.c.C.[Tomcat].[localhost].[/]       : Initializing Spring DispatcherServlet 'dispatcherServlet'
2023-10-27T12:30:21.753+05:30  INFO 3148 --- [http-nio-8081-exec-3] o.s.web.servlet.DispatcherServlet        : Initializing Servlet 'dispatcherServlet'
2023-10-27T12:30:21.754+05:30  INFO 3148 --- [http-nio-8081-exec-3] o.s.web.servlet.DispatcherServlet        : Completed initialization in 1 ms
2023-10-27T12:30:22.035+05:30  INFO 3148 --- [http-nio-8081-exec-3] b.p.a.ServiceInterceptor$$SpringCGLIB$$0 : Intercept after /- New post added
2023-10-27T12:30:46.995+05:30  INFO 3148 --- [http-nio-8081-exec-2] b.p.a.ServiceInterceptor$$SpringCGLIB$$0 : Intercept before /- All posts fetched.
2023-10-27T12:31:10.290+05:30  INFO 3148 --- [http-nio-8081-exec-4] c.b.post.controller.PostController       : GET /- Post with postId: 1 found
2023-10-27T12:31:23.242+05:30  INFO 3148 --- [http-nio-8081-exec-5] b.p.a.ServiceInterceptor$$SpringCGLIB$$0 : Post com.merc.blog.post.service.PostService.postById(Integer)
2023-10-27T12:32:00.452+05:30  INFO 3148 --- [RMI TCP Connection(10)-127.0.0.1] inMXBeanRegistrar$SpringApplicationAdmin : Application shutdown requested.
2023-10-27T12:32:00.469+05:30  INFO 3148 --- [RMI TCP Connection(10)-127.0.0.1] o.apache.catalina.core.StandardService   : Stopping service [Tomcat]
2023-10-27T12:32:00.471+05:30  INFO 3148 --- [RMI TCP Connection(10)-127.0.0.1] o.a.c.c.C.[Tomcat].[localhost].[/]       : Destroying Spring FrameworkServlet 'dispatcherServlet'
2023-10-27T12:32:00.517+05:30  INFO 3148 --- [RMI TCP Connection(10)-127.0.0.1] j.LocalContainerEntityManagerFactoryBean : Closing JPA EntityManagerFactory for persistence unit 'default'
2023-10-27T12:32:00.521+05:30  INFO 3148 --- [RMI TCP Connection(10)-127.0.0.1] com.zaxxer.hikari.HikariDataSource       : HikariPool-1 - Shutdown initiated...
2023-10-27T12:32:00.571+05:30  INFO 3148 --- [RMI TCP Connection(10)-127.0.0.1] com.zaxxer.hikari.HikariDataSource       : HikariPool-1 - Shutdown completed.
2023-10-27T12:32:04.800+05:30  INFO 12776 --- [main] c.b.post.BlogAppPostServerApplication    : Starting BlogAppPostServerApplication using Java 17.0.7 with PID 12776 (C:\Users\nkundur\Documents\Work\blog-app-spring\blog-app-post-server\target\classes started by NKUNDUR in C:\Users\nkundur\Documents\Work\blog-app-spring\blog-app-post-server)
2023-10-27T12:32:04.803+05:30  INFO 12776 --- [main] c.b.post.BlogAppPostServerApplication    : No active profile set, falling back to 1 default profile: "default"
2023-10-27T12:32:05.340+05:30  INFO 12776 --- [main] .s.d.r.c.RepositoryConfigurationDelegate : Bootstrapping Spring Data JPA repositories in DEFAULT mode.
2023-10-27T12:32:05.405+05:30  INFO 12776 --- [main] .s.d.r.c.RepositoryConfigurationDelegate : Finished Spring Data repository scanning in 55 ms. Found 1 JPA repository interfaces.
2023-10-27T12:32:05.936+05:30  INFO 12776 --- [main] o.s.b.w.embedded.tomcat.TomcatWebServer  : Tomcat initialized with port(s): 8081 (http)
2023-10-27T12:32:05.949+05:30  INFO 12776 --- [main] o.apache.catalina.core.StandardService   : Starting service [Tomcat]
2023-10-27T12:32:05.949+05:30  INFO 12776 --- [main] o.apache.catalina.core.StandardEngine    : Starting Servlet engine: [Apache Tomcat/10.1.15]
2023-10-27T12:32:06.060+05:30  INFO 12776 --- [main] o.a.c.c.C.[Tomcat].[localhost].[/]       : Initializing Spring embedded WebApplicationContext
2023-10-27T12:32:06.061+05:30  INFO 12776 --- [main] w.s.c.ServletWebServerApplicationContext : Root WebApplicationContext: initialization completed in 1219 ms
2023-10-27T12:32:06.199+05:30  INFO 12776 --- [main] o.hibernate.jpa.internal.util.LogHelper  : HHH000204: Processing PersistenceUnitInfo [name: default]
2023-10-27T12:32:06.247+05:30  INFO 12776 --- [main] org.hibernate.Version                    : HHH000412: Hibernate ORM core version 6.1.7.Final
2023-10-27T12:32:06.484+05:30  INFO 12776 --- [main] com.zaxxer.hikari.HikariDataSource       : HikariPool-1 - Starting...
2023-10-27T12:32:06.684+05:30  INFO 12776 --- [main] com.zaxxer.hikari.pool.HikariPool        : HikariPool-1 - Added connection org.postgresql.jdbc.PgConnection@467ef400
2023-10-27T12:32:06.686+05:30  INFO 12776 --- [main] com.zaxxer.hikari.HikariDataSource       : HikariPool-1 - Start completed.
2023-10-27T12:32:06.737+05:30  INFO 12776 --- [main] SQL dialect                              : HHH000400: Using dialect: org.hibernate.dialect.PostgreSQLDialect
2023-10-27T12:32:07.466+05:30  INFO 12776 --- [main] o.h.e.t.j.p.i.JtaPlatformInitiator       : HHH000490: Using JtaPlatform implementation: [org.hibernate.engine.transaction.jta.platform.internal.NoJtaPlatform]
2023-10-27T12:32:07.478+05:30  INFO 12776 --- [main] j.LocalContainerEntityManagerFactoryBean : Initialized JPA EntityManagerFactory for persistence unit 'default'
2023-10-27T12:32:07.775+05:30  WARN 12776 --- [main] JpaBaseConfiguration$JpaWebConfiguration : spring.jpa.open-in-view is enabled by default. Therefore, database queries may be performed during view rendering. Explicitly configure spring.jpa.open-in-view to disable this warning
2023-10-27T12:32:08.131+05:30  INFO 12776 --- [main] o.s.b.w.embedded.tomcat.TomcatWebServer  : Tomcat started on port(s): 8081 (http) with context path ''
2023-10-27T12:32:08.141+05:30  INFO 12776 --- [main] c.b.post.BlogAppPostServerApplication    : Started BlogAppPostServerApplication in 3.737 seconds (process running for 4.407)
2023-10-27T12:32:12.629+05:30  INFO 12776 --- [http-nio-8081-exec-2] o.a.c.c.C.[Tomcat].[localhost].[/]       : Initializing Spring DispatcherServlet 'dispatcherServlet'
2023-10-27T12:32:12.629+05:30  INFO 12776 --- [http-nio-8081-exec-2] o.s.web.servlet.DispatcherServlet        : Initializing Servlet 'dispatcherServlet'
2023-10-27T12:32:12.632+05:30  INFO 12776 --- [http-nio-8081-exec-2] o.s.web.servlet.DispatcherServlet        : Completed initialization in 2 ms
2023-10-27T12:32:12.773+05:30 ERROR 12776 --- [http-nio-8081-exec-2] b.p.a.ServiceInterceptor$$SpringCGLIB$$0 : Post com.merc.blog.post.service.PostService.postById(Integer)
2023-10-27T12:32:23.867+05:30  INFO 12776 --- [RMI TCP Connection(6)-127.0.0.1] inMXBeanRegistrar$SpringApplicationAdmin : Application shutdown requested.
2023-10-27T12:32:23.886+05:30  INFO 12776 --- [RMI TCP Connection(6)-127.0.0.1] o.apache.catalina.core.StandardService   : Stopping service [Tomcat]
2023-10-27T12:32:23.888+05:30  INFO 12776 --- [RMI TCP Connection(6)-127.0.0.1] o.a.c.c.C.[Tomcat].[localhost].[/]       : Destroying Spring FrameworkServlet 'dispatcherServlet'
2023-10-27T12:32:23.897+05:30  INFO 12776 --- [RMI TCP Connection(6)-127.0.0.1] j.LocalContainerEntityManagerFactoryBean : Closing JPA EntityManagerFactory for persistence unit 'default'
2023-10-27T12:32:23.900+05:30  INFO 12776 --- [RMI TCP Connection(6)-127.0.0.1] com.zaxxer.hikari.HikariDataSource       : HikariPool-1 - Shutdown initiated...
2023-10-27T12:32:23.904+05:30  INFO 12776 --- [RMI TCP Connection(6)-127.0.0.1] com.zaxxer.hikari.HikariDataSource       : HikariPool-1 - Shutdown completed.
2023-10-27T13:21:01.116+05:30  INFO 21564 --- [main] c.b.post.BlogAppPostServerApplication    : Starting BlogAppPostServerApplication using Java 17.0.7 with PID 21564 (C:\Users\nkundur\Documents\Work\blog-app-spring\blog-app-post-server\target\classes started by NKUNDUR in C:\Users\nkundur\Documents\Work\blog-app-spring\blog-app-post-server)
2023-10-27T13:21:01.119+05:30  INFO 21564 --- [main] c.b.post.BlogAppPostServerApplication    : No active profile set, falling back to 1 default profile: "default"
2023-10-27T13:21:01.647+05:30  INFO 21564 --- [main] .s.d.r.c.RepositoryConfigurationDelegate : Bootstrapping Spring Data JPA repositories in DEFAULT mode.
2023-10-27T13:21:01.714+05:30  INFO 21564 --- [main] .s.d.r.c.RepositoryConfigurationDelegate : Finished Spring Data repository scanning in 58 ms. Found 1 JPA repository interfaces.
2023-10-27T13:21:02.275+05:30  INFO 21564 --- [main] o.s.b.w.embedded.tomcat.TomcatWebServer  : Tomcat initialized with port(s): 8081 (http)
2023-10-27T13:21:02.287+05:30  INFO 21564 --- [main] o.apache.catalina.core.StandardService   : Starting service [Tomcat]
2023-10-27T13:21:02.287+05:30  INFO 21564 --- [main] o.apache.catalina.core.StandardEngine    : Starting Servlet engine: [Apache Tomcat/10.1.15]
2023-10-27T13:21:02.389+05:30  INFO 21564 --- [main] o.a.c.c.C.[Tomcat].[localhost].[/]       : Initializing Spring embedded WebApplicationContext
2023-10-27T13:21:02.389+05:30  INFO 21564 --- [main] w.s.c.ServletWebServerApplicationContext : Root WebApplicationContext: initialization completed in 1222 ms
2023-10-27T13:21:02.528+05:30  INFO 21564 --- [main] o.hibernate.jpa.internal.util.LogHelper  : HHH000204: Processing PersistenceUnitInfo [name: default]
2023-10-27T13:21:02.572+05:30  INFO 21564 --- [main] org.hibernate.Version                    : HHH000412: Hibernate ORM core version 6.1.7.Final
2023-10-27T13:21:02.812+05:30  INFO 21564 --- [main] com.zaxxer.hikari.HikariDataSource       : HikariPool-1 - Starting...
2023-10-27T13:21:03.115+05:30  INFO 21564 --- [main] com.zaxxer.hikari.pool.HikariPool        : HikariPool-1 - Added connection org.postgresql.jdbc.PgConnection@467ef400
2023-10-27T13:21:03.118+05:30  INFO 21564 --- [main] com.zaxxer.hikari.HikariDataSource       : HikariPool-1 - Start completed.
2023-10-27T13:21:03.168+05:30  INFO 21564 --- [main] SQL dialect                              : HHH000400: Using dialect: org.hibernate.dialect.PostgreSQLDialect
2023-10-27T13:21:03.893+05:30  INFO 21564 --- [main] o.h.e.t.j.p.i.JtaPlatformInitiator       : HHH000490: Using JtaPlatform implementation: [org.hibernate.engine.transaction.jta.platform.internal.NoJtaPlatform]
2023-10-27T13:21:03.904+05:30  INFO 21564 --- [main] j.LocalContainerEntityManagerFactoryBean : Initialized JPA EntityManagerFactory for persistence unit 'default'
2023-10-27T13:21:04.203+05:30  WARN 21564 --- [main] JpaBaseConfiguration$JpaWebConfiguration : spring.jpa.open-in-view is enabled by default. Therefore, database queries may be performed during view rendering. Explicitly configure spring.jpa.open-in-view to disable this warning
2023-10-27T13:21:04.522+05:30  INFO 21564 --- [main] o.s.b.w.embedded.tomcat.TomcatWebServer  : Tomcat started on port(s): 8081 (http) with context path ''
2023-10-27T13:21:04.532+05:30  INFO 21564 --- [main] c.b.post.BlogAppPostServerApplication    : Started BlogAppPostServerApplication in 3.861 seconds (process running for 4.547)
2023-10-27T13:22:06.430+05:30  INFO 21564 --- [http-nio-8081-exec-1] o.apache.coyote.http11.Http11Processor   : Error parsing HTTP request header
 Note: further occurrences of HTTP request parsing errors will be logged at DEBUG level.

java.lang.IllegalArgumentException: Invalid character found in method name [0x160x030x010x020x0c0x010x000x020x080x030x03Q0x10M"0x040xb9/K0x16<0xbd0xbf0x89I0xb7+0x1d?0xa30x8b0xbb0m10x8f0x8dB9\!0xd20x0e ]. HTTP method names must be tokens
	at org.apache.coyote.http11.Http11InputBuffer.parseRequestLine(Http11InputBuffer.java:407) ~[tomcat-embed-core-10.1.15.jar:10.1.15]
	at org.apache.coyote.http11.Http11Processor.service(Http11Processor.java:264) ~[tomcat-embed-core-10.1.15.jar:10.1.15]
	at org.apache.coyote.AbstractProcessorLight.process(AbstractProcessorLight.java:63) ~[tomcat-embed-core-10.1.15.jar:10.1.15]
	at org.apache.coyote.AbstractProtocol$ConnectionHandler.process(AbstractProtocol.java:896) ~[tomcat-embed-core-10.1.15.jar:10.1.15]
	at org.apache.tomcat.util.net.NioEndpoint$SocketProcessor.doRun(NioEndpoint.java:1744) ~[tomcat-embed-core-10.1.15.jar:10.1.15]
	at org.apache.tomcat.util.net.SocketProcessorBase.run(SocketProcessorBase.java:52) ~[tomcat-embed-core-10.1.15.jar:10.1.15]
	at org.apache.tomcat.util.threads.ThreadPoolExecutor.runWorker(ThreadPoolExecutor.java:1191) ~[tomcat-embed-core-10.1.15.jar:10.1.15]
	at org.apache.tomcat.util.threads.ThreadPoolExecutor$Worker.run(ThreadPoolExecutor.java:659) ~[tomcat-embed-core-10.1.15.jar:10.1.15]
	at org.apache.tomcat.util.threads.TaskThread$WrappingRunnable.run(TaskThread.java:61) ~[tomcat-embed-core-10.1.15.jar:10.1.15]
	at java.base/java.lang.Thread.run(Thread.java:833) ~[na:na]

2023-10-27T13:22:33.084+05:30  INFO 21564 --- [http-nio-8081-exec-4] o.apache.coyote.http11.Http11Processor   : Error parsing HTTP request header
 Note: further occurrences of HTTP request parsing errors will be logged at DEBUG level.

java.lang.IllegalArgumentException: Invalid character found in method name [0x160x030x010x020x000x010x000x010xfc0x030x03j70x8d0x850xf70xa00xe30x86L30x110xc40x80d0x9b0xc50x170x8b+0xbb0x930xdfQ0x070x8b0xd90xda0x8c0xcb0x020xbe0xff ]. HTTP method names must be tokens
	at org.apache.coyote.http11.Http11InputBuffer.parseRequestLine(Http11InputBuffer.java:407) ~[tomcat-embed-core-10.1.15.jar:10.1.15]
	at org.apache.coyote.http11.Http11Processor.service(Http11Processor.java:264) ~[tomcat-embed-core-10.1.15.jar:10.1.15]
	at org.apache.coyote.AbstractProcessorLight.process(AbstractProcessorLight.java:63) ~[tomcat-embed-core-10.1.15.jar:10.1.15]
	at org.apache.coyote.AbstractProtocol$ConnectionHandler.process(AbstractProtocol.java:896) ~[tomcat-embed-core-10.1.15.jar:10.1.15]
	at org.apache.tomcat.util.net.NioEndpoint$SocketProcessor.doRun(NioEndpoint.java:1744) ~[tomcat-embed-core-10.1.15.jar:10.1.15]
	at org.apache.tomcat.util.net.SocketProcessorBase.run(SocketProcessorBase.java:52) ~[tomcat-embed-core-10.1.15.jar:10.1.15]
	at org.apache.tomcat.util.threads.ThreadPoolExecutor.runWorker(ThreadPoolExecutor.java:1191) ~[tomcat-embed-core-10.1.15.jar:10.1.15]
	at org.apache.tomcat.util.threads.ThreadPoolExecutor$Worker.run(ThreadPoolExecutor.java:659) ~[tomcat-embed-core-10.1.15.jar:10.1.15]
	at org.apache.tomcat.util.threads.TaskThread$WrappingRunnable.run(TaskThread.java:61) ~[tomcat-embed-core-10.1.15.jar:10.1.15]
	at java.base/java.lang.Thread.run(Thread.java:833) ~[na:na]

2023-10-27T13:23:20.787+05:30  INFO 21564 --- [http-nio-8081-exec-8] o.a.c.c.C.[Tomcat].[localhost].[/]       : Initializing Spring DispatcherServlet 'dispatcherServlet'
2023-10-27T13:23:20.790+05:30  INFO 21564 --- [http-nio-8081-exec-8] o.s.web.servlet.DispatcherServlet        : Initializing Servlet 'dispatcherServlet'
2023-10-27T13:23:20.793+05:30  INFO 21564 --- [http-nio-8081-exec-8] o.s.web.servlet.DispatcherServlet        : Completed initialization in 3 ms
2023-10-27T13:23:20.863+05:30  INFO 21564 --- [http-nio-8081-exec-8] b.p.a.ServiceInterceptor$$SpringCGLIB$$0 : Intercept before /- All posts fetched.
2023-10-27T13:23:33.632+05:30  INFO 21564 --- [http-nio-8081-exec-9] b.p.a.ServiceInterceptor$$SpringCGLIB$$0 : Intercept before /- All posts fetched.
2023-10-27T13:23:54.075+05:30  INFO 21564 --- [http-nio-8081-exec-1] b.p.a.ServiceInterceptor$$SpringCGLIB$$0 : Intercept before /- All posts fetched.
2023-10-27T13:24:08.088+05:30  INFO 21564 --- [http-nio-8081-exec-2] b.p.a.ServiceInterceptor$$SpringCGLIB$$0 : Intercept before /- All posts fetched.
2023-10-27T13:25:07.838+05:30  INFO 21564 --- [http-nio-8081-exec-6] b.p.a.ServiceInterceptor$$SpringCGLIB$$0 : Intercept before /- All posts fetched.
2023-10-27T13:25:08.570+05:30  INFO 21564 --- [http-nio-8081-exec-7] b.p.a.ServiceInterceptor$$SpringCGLIB$$0 : Intercept before /- All posts fetched.
2023-10-27T13:25:09.223+05:30  INFO 21564 --- [http-nio-8081-exec-8] b.p.a.ServiceInterceptor$$SpringCGLIB$$0 : Intercept before /- All posts fetched.
2023-10-27T13:25:09.433+05:30  INFO 21564 --- [http-nio-8081-exec-9] b.p.a.ServiceInterceptor$$SpringCGLIB$$0 : Intercept before /- All posts fetched.
2023-10-27T13:25:09.603+05:30  INFO 21564 --- [http-nio-8081-exec-10] b.p.a.ServiceInterceptor$$SpringCGLIB$$0 : Intercept before /- All posts fetched.
2023-10-27T13:25:09.809+05:30  INFO 21564 --- [http-nio-8081-exec-1] b.p.a.ServiceInterceptor$$SpringCGLIB$$0 : Intercept before /- All posts fetched.
2023-10-27T13:25:32.896+05:30  INFO 21564 --- [http-nio-8081-exec-3] b.p.a.ServiceInterceptor$$SpringCGLIB$$0 : Intercept before /- All posts fetched.
2023-10-27T13:25:33.018+05:30  INFO 21564 --- [http-nio-8081-exec-4] b.p.a.ServiceInterceptor$$SpringCGLIB$$0 : Intercept before /- All posts fetched.
2023-10-27T13:25:33.151+05:30  INFO 21564 --- [http-nio-8081-exec-5] b.p.a.ServiceInterceptor$$SpringCGLIB$$0 : Intercept before /- All posts fetched.
2023-10-27T13:25:33.300+05:30  INFO 21564 --- [http-nio-8081-exec-6] b.p.a.ServiceInterceptor$$SpringCGLIB$$0 : Intercept before /- All posts fetched.
2023-10-27T13:25:33.459+05:30  INFO 21564 --- [http-nio-8081-exec-7] b.p.a.ServiceInterceptor$$SpringCGLIB$$0 : Intercept before /- All posts fetched.
2023-10-27T13:25:33.673+05:30  INFO 21564 --- [http-nio-8081-exec-8] b.p.a.ServiceInterceptor$$SpringCGLIB$$0 : Intercept before /- All posts fetched.
2023-10-27T13:26:03.737+05:30  INFO 21564 --- [http-nio-8081-exec-9] c.b.post.controller.PostController       : GET /- Post with postId: 1 found
2023-10-27T13:28:00.844+05:30  INFO 21564 --- [http-nio-8081-exec-1] c.b.post.controller.PostController       : GET /- Post with postId: 1 found
2023-10-27T13:28:07.609+05:30  INFO 21564 --- [http-nio-8081-exec-2] b.p.a.ServiceInterceptor$$SpringCGLIB$$0 : Intercept before /- All posts fetched.
2023-10-27T13:30:20.090+05:30  INFO 21564 --- [http-nio-8081-exec-5] b.p.a.ServiceInterceptor$$SpringCGLIB$$0 : Intercept after /- New post added
2023-10-27T13:30:39.838+05:30  INFO 21564 --- [http-nio-8081-exec-6] b.p.a.ServiceInterceptor$$SpringCGLIB$$0 : Intercept before /- All posts fetched.
2023-10-27T13:30:59.242+05:30  INFO 21564 --- [http-nio-8081-exec-7] c.b.post.controller.PostController       : GET /- Post with postId: 2 found
2023-10-27T13:31:08.087+05:30  INFO 21564 --- [http-nio-8081-exec-8] c.b.post.controller.PostController       : GET /- Post with postId: 2 found
2023-10-27T13:33:47.677+05:30  INFO 21564 --- [http-nio-8081-exec-3] b.p.a.ServiceInterceptor$$SpringCGLIB$$0 : Intercept before /- All posts fetched.
2023-10-27T13:35:07.730+05:30  INFO 21564 --- [http-nio-8081-exec-5] c.b.post.controller.PostController       : GET /- Post with postId: 2 found
2023-10-27T13:36:58.076+05:30  INFO 21564 --- [http-nio-8081-exec-7] c.b.post.controller.PostController       : GET /- Post with postId: 2 found
2023-10-27T13:41:56.855+05:30  INFO 21564 --- [http-nio-8081-exec-10] b.p.a.ServiceInterceptor$$SpringCGLIB$$0 : Intercept before /- All posts fetched.
2023-10-27T13:44:57.373+05:30  INFO 21564 --- [RMI TCP Connection(34)-127.0.0.1] inMXBeanRegistrar$SpringApplicationAdmin : Application shutdown requested.
2023-10-27T13:44:57.391+05:30  INFO 21564 --- [RMI TCP Connection(34)-127.0.0.1] o.apache.catalina.core.StandardService   : Stopping service [Tomcat]
2023-10-27T13:44:57.392+05:30  INFO 21564 --- [RMI TCP Connection(34)-127.0.0.1] o.a.c.c.C.[Tomcat].[localhost].[/]       : Destroying Spring FrameworkServlet 'dispatcherServlet'
2023-10-27T13:44:57.401+05:30  INFO 21564 --- [RMI TCP Connection(34)-127.0.0.1] j.LocalContainerEntityManagerFactoryBean : Closing JPA EntityManagerFactory for persistence unit 'default'
2023-10-27T13:44:57.403+05:30  INFO 21564 --- [RMI TCP Connection(34)-127.0.0.1] com.zaxxer.hikari.HikariDataSource       : HikariPool-1 - Shutdown initiated...
2023-10-27T13:44:57.408+05:30  INFO 21564 --- [RMI TCP Connection(34)-127.0.0.1] com.zaxxer.hikari.HikariDataSource       : HikariPool-1 - Shutdown completed.
2023-10-27T13:50:32.724+05:30  INFO 14092 --- [main] c.b.post.BlogAppPostServerApplication    : Starting BlogAppPostServerApplication using Java 17.0.7 with PID 14092 (C:\Users\nkundur\Documents\Work\blog-app-spring\blog-app-post-server\target\classes started by NKUNDUR in C:\Users\nkundur\Documents\Work\blog-app-spring\blog-app-post-server)
2023-10-27T13:50:32.728+05:30  INFO 14092 --- [main] c.b.post.BlogAppPostServerApplication    : No active profile set, falling back to 1 default profile: "default"
2023-10-27T13:50:33.241+05:30  INFO 14092 --- [main] .s.d.r.c.RepositoryConfigurationDelegate : Bootstrapping Spring Data JPA repositories in DEFAULT mode.
2023-10-27T13:50:33.298+05:30  INFO 14092 --- [main] .s.d.r.c.RepositoryConfigurationDelegate : Finished Spring Data repository scanning in 47 ms. Found 1 JPA repository interfaces.
2023-10-27T13:50:33.822+05:30  INFO 14092 --- [main] o.s.b.w.embedded.tomcat.TomcatWebServer  : Tomcat initialized with port(s): 8081 (http)
2023-10-27T13:50:33.833+05:30  INFO 14092 --- [main] o.apache.catalina.core.StandardService   : Starting service [Tomcat]
2023-10-27T13:50:33.834+05:30  INFO 14092 --- [main] o.apache.catalina.core.StandardEngine    : Starting Servlet engine: [Apache Tomcat/10.1.15]
2023-10-27T13:50:33.947+05:30  INFO 14092 --- [main] o.a.c.c.C.[Tomcat].[localhost].[/]       : Initializing Spring embedded WebApplicationContext
2023-10-27T13:50:33.948+05:30  INFO 14092 --- [main] w.s.c.ServletWebServerApplicationContext : Root WebApplicationContext: initialization completed in 1178 ms
2023-10-27T13:50:34.086+05:30  INFO 14092 --- [main] o.hibernate.jpa.internal.util.LogHelper  : HHH000204: Processing PersistenceUnitInfo [name: default]
2023-10-27T13:50:34.132+05:30  INFO 14092 --- [main] org.hibernate.Version                    : HHH000412: Hibernate ORM core version 6.1.7.Final
2023-10-27T13:50:34.370+05:30  INFO 14092 --- [main] com.zaxxer.hikari.HikariDataSource       : HikariPool-1 - Starting...
2023-10-27T13:50:34.565+05:30  INFO 14092 --- [main] com.zaxxer.hikari.pool.HikariPool        : HikariPool-1 - Added connection org.postgresql.jdbc.PgConnection@467ef400
2023-10-27T13:50:34.567+05:30  INFO 14092 --- [main] com.zaxxer.hikari.HikariDataSource       : HikariPool-1 - Start completed.
2023-10-27T13:50:34.617+05:30  INFO 14092 --- [main] SQL dialect                              : HHH000400: Using dialect: org.hibernate.dialect.PostgreSQLDialect
2023-10-27T13:50:35.351+05:30  INFO 14092 --- [main] o.h.e.t.j.p.i.JtaPlatformInitiator       : HHH000490: Using JtaPlatform implementation: [org.hibernate.engine.transaction.jta.platform.internal.NoJtaPlatform]
2023-10-27T13:50:35.361+05:30  INFO 14092 --- [main] j.LocalContainerEntityManagerFactoryBean : Initialized JPA EntityManagerFactory for persistence unit 'default'
2023-10-27T13:50:35.691+05:30  WARN 14092 --- [main] JpaBaseConfiguration$JpaWebConfiguration : spring.jpa.open-in-view is enabled by default. Therefore, database queries may be performed during view rendering. Explicitly configure spring.jpa.open-in-view to disable this warning
2023-10-27T13:50:36.014+05:30  INFO 14092 --- [main] o.s.b.w.embedded.tomcat.TomcatWebServer  : Tomcat started on port(s): 8081 (http) with context path ''
2023-10-27T13:50:36.022+05:30  INFO 14092 --- [main] c.b.post.BlogAppPostServerApplication    : Started BlogAppPostServerApplication in 3.698 seconds (process running for 4.355)
2023-10-27T13:51:08.282+05:30  INFO 14092 --- [RMI TCP Connection(10)-127.0.0.1] inMXBeanRegistrar$SpringApplicationAdmin : Application shutdown requested.
2023-10-27T13:51:08.298+05:30  INFO 14092 --- [RMI TCP Connection(10)-127.0.0.1] o.apache.catalina.core.StandardService   : Stopping service [Tomcat]
2023-10-27T13:51:08.308+05:30  INFO 14092 --- [RMI TCP Connection(10)-127.0.0.1] j.LocalContainerEntityManagerFactoryBean : Closing JPA EntityManagerFactory for persistence unit 'default'
2023-10-27T13:51:08.310+05:30  INFO 14092 --- [RMI TCP Connection(10)-127.0.0.1] com.zaxxer.hikari.HikariDataSource       : HikariPool-1 - Shutdown initiated...
2023-10-27T13:51:08.314+05:30  INFO 14092 --- [RMI TCP Connection(10)-127.0.0.1] com.zaxxer.hikari.HikariDataSource       : HikariPool-1 - Shutdown completed.
2023-10-27T13:51:12.405+05:30  INFO 3432 --- [main] c.b.post.BlogAppPostServerApplication    : Starting BlogAppPostServerApplication using Java 17.0.7 with PID 3432 (C:\Users\nkundur\Documents\Work\blog-app-spring\blog-app-post-server\target\classes started by NKUNDUR in C:\Users\nkundur\Documents\Work\blog-app-spring\blog-app-post-server)
2023-10-27T13:51:12.408+05:30  INFO 3432 --- [main] c.b.post.BlogAppPostServerApplication    : No active profile set, falling back to 1 default profile: "default"
2023-10-27T13:51:12.944+05:30  INFO 3432 --- [main] .s.d.r.c.RepositoryConfigurationDelegate : Bootstrapping Spring Data JPA repositories in DEFAULT mode.
2023-10-27T13:51:13.001+05:30  INFO 3432 --- [main] .s.d.r.c.RepositoryConfigurationDelegate : Finished Spring Data repository scanning in 47 ms. Found 1 JPA repository interfaces.
2023-10-27T13:51:13.552+05:30  INFO 3432 --- [main] o.s.b.w.embedded.tomcat.TomcatWebServer  : Tomcat initialized with port(s): 8081 (http)
2023-10-27T13:51:13.564+05:30  INFO 3432 --- [main] o.apache.catalina.core.StandardService   : Starting service [Tomcat]
2023-10-27T13:51:13.564+05:30  INFO 3432 --- [main] o.apache.catalina.core.StandardEngine    : Starting Servlet engine: [Apache Tomcat/10.1.15]
2023-10-27T13:51:13.675+05:30  INFO 3432 --- [main] o.a.c.c.C.[Tomcat].[localhost].[/]       : Initializing Spring embedded WebApplicationContext
2023-10-27T13:51:13.675+05:30  INFO 3432 --- [main] w.s.c.ServletWebServerApplicationContext : Root WebApplicationContext: initialization completed in 1224 ms
2023-10-27T13:51:13.829+05:30  INFO 3432 --- [main] o.hibernate.jpa.internal.util.LogHelper  : HHH000204: Processing PersistenceUnitInfo [name: default]
2023-10-27T13:51:13.872+05:30  INFO 3432 --- [main] org.hibernate.Version                    : HHH000412: Hibernate ORM core version 6.1.7.Final
2023-10-27T13:51:14.137+05:30  INFO 3432 --- [main] com.zaxxer.hikari.HikariDataSource       : HikariPool-1 - Starting...
2023-10-27T13:51:14.337+05:30  INFO 3432 --- [main] com.zaxxer.hikari.pool.HikariPool        : HikariPool-1 - Added connection org.postgresql.jdbc.PgConnection@15e08615
2023-10-27T13:51:14.339+05:30  INFO 3432 --- [main] com.zaxxer.hikari.HikariDataSource       : HikariPool-1 - Start completed.
2023-10-27T13:51:14.389+05:30  INFO 3432 --- [main] SQL dialect                              : HHH000400: Using dialect: org.hibernate.dialect.PostgreSQLDialect
2023-10-27T13:51:15.150+05:30  INFO 3432 --- [main] o.h.e.t.j.p.i.JtaPlatformInitiator       : HHH000490: Using JtaPlatform implementation: [org.hibernate.engine.transaction.jta.platform.internal.NoJtaPlatform]
2023-10-27T13:51:15.162+05:30  INFO 3432 --- [main] j.LocalContainerEntityManagerFactoryBean : Initialized JPA EntityManagerFactory for persistence unit 'default'
2023-10-27T13:51:15.483+05:30  WARN 3432 --- [main] JpaBaseConfiguration$JpaWebConfiguration : spring.jpa.open-in-view is enabled by default. Therefore, database queries may be performed during view rendering. Explicitly configure spring.jpa.open-in-view to disable this warning
2023-10-27T13:51:15.812+05:30  INFO 3432 --- [main] o.s.b.w.embedded.tomcat.TomcatWebServer  : Tomcat started on port(s): 8081 (http) with context path ''
2023-10-27T13:51:15.822+05:30  INFO 3432 --- [main] c.b.post.BlogAppPostServerApplication    : Started BlogAppPostServerApplication in 3.828 seconds (process running for 4.511)
2023-10-27T13:51:28.431+05:30  INFO 3432 --- [http-nio-8081-exec-2] o.a.c.c.C.[Tomcat].[localhost].[/]       : Initializing Spring DispatcherServlet 'dispatcherServlet'
2023-10-27T13:51:28.431+05:30  INFO 3432 --- [http-nio-8081-exec-2] o.s.web.servlet.DispatcherServlet        : Initializing Servlet 'dispatcherServlet'
2023-10-27T13:51:28.434+05:30  INFO 3432 --- [http-nio-8081-exec-2] o.s.web.servlet.DispatcherServlet        : Completed initialization in 2 ms
2023-10-27T13:51:28.736+05:30  INFO 3432 --- [http-nio-8081-exec-2] b.p.a.ServiceInterceptor$$SpringCGLIB$$0 : Intercept after /- New post added
2023-10-27T13:51:40.979+05:30  INFO 3432 --- [http-nio-8081-exec-4] b.p.a.ServiceInterceptor$$SpringCGLIB$$0 : Intercept before /- All posts fetched.
2023-10-27T13:51:57.476+05:30  INFO 3432 --- [http-nio-8081-exec-3] c.b.post.controller.PostController       : GET /- Post with postId: 1 found
2023-10-27T13:53:26.640+05:30  INFO 3432 --- [http-nio-8081-exec-8] b.p.a.ServiceInterceptor$$SpringCGLIB$$0 : Intercept before /- All posts fetched.
2023-10-27T13:53:31.826+05:30  INFO 3432 --- [http-nio-8081-exec-9] b.p.a.ServiceInterceptor$$SpringCGLIB$$0 : Intercept before /- All posts fetched.
2023-10-27T13:54:32.950+05:30  INFO 3432 --- [http-nio-8081-exec-1] c.b.post.controller.PostController       : GET /- Post with postId: 1 found
2023-10-27T13:55:14.068+05:30  INFO 3432 --- [http-nio-8081-exec-2] c.b.post.controller.PostController       : GET /- Post with postId: 1 found
2023-10-27T13:56:40.465+05:30  INFO 3432 --- [http-nio-8081-exec-7] c.b.post.controller.PostController       : GET /- Post with postId: 1 found
2023-10-27T14:04:31.033+05:30  INFO 3432 --- [http-nio-8081-exec-9] c.b.post.controller.PostController       : GET /- Post with postId: 1 found
2023-10-27T14:06:31.479+05:30  INFO 3432 --- [RMI TCP Connection(21)-127.0.0.1] inMXBeanRegistrar$SpringApplicationAdmin : Application shutdown requested.
2023-10-27T14:06:31.511+05:30  INFO 3432 --- [RMI TCP Connection(21)-127.0.0.1] o.apache.catalina.core.StandardService   : Stopping service [Tomcat]
2023-10-27T14:06:31.513+05:30  INFO 3432 --- [RMI TCP Connection(21)-127.0.0.1] o.a.c.c.C.[Tomcat].[localhost].[/]       : Destroying Spring FrameworkServlet 'dispatcherServlet'
2023-10-27T14:06:31.527+05:30  INFO 3432 --- [RMI TCP Connection(21)-127.0.0.1] j.LocalContainerEntityManagerFactoryBean : Closing JPA EntityManagerFactory for persistence unit 'default'
2023-10-27T14:06:31.530+05:30  INFO 3432 --- [RMI TCP Connection(21)-127.0.0.1] com.zaxxer.hikari.HikariDataSource       : HikariPool-1 - Shutdown initiated...
2023-10-27T14:06:31.545+05:30  INFO 3432 --- [RMI TCP Connection(21)-127.0.0.1] com.zaxxer.hikari.HikariDataSource       : HikariPool-1 - Shutdown completed.
2023-10-27T14:06:35.252+05:30  INFO 8592 --- [main] c.b.post.BlogAppPostServerApplication    : Starting BlogAppPostServerApplication using Java 17.0.7 with PID 8592 (C:\Users\nkundur\Documents\Work\blog-app-spring\blog-app-post-server\target\classes started by NKUNDUR in C:\Users\nkundur\Documents\Work\blog-app-spring\blog-app-post-server)
2023-10-27T14:06:35.254+05:30  INFO 8592 --- [main] c.b.post.BlogAppPostServerApplication    : No active profile set, falling back to 1 default profile: "default"
2023-10-27T14:06:35.803+05:30  INFO 8592 --- [main] .s.d.r.c.RepositoryConfigurationDelegate : Bootstrapping Spring Data JPA repositories in DEFAULT mode.
2023-10-27T14:06:35.865+05:30  INFO 8592 --- [main] .s.d.r.c.RepositoryConfigurationDelegate : Finished Spring Data repository scanning in 52 ms. Found 1 JPA repository interfaces.
2023-10-27T14:06:36.418+05:30  INFO 8592 --- [main] o.s.b.w.embedded.tomcat.TomcatWebServer  : Tomcat initialized with port(s): 8081 (http)
2023-10-27T14:06:36.426+05:30  INFO 8592 --- [main] o.apache.catalina.core.StandardService   : Starting service [Tomcat]
2023-10-27T14:06:36.427+05:30  INFO 8592 --- [main] o.apache.catalina.core.StandardEngine    : Starting Servlet engine: [Apache Tomcat/10.1.15]
2023-10-27T14:06:36.527+05:30  INFO 8592 --- [main] o.a.c.c.C.[Tomcat].[localhost].[/]       : Initializing Spring embedded WebApplicationContext
2023-10-27T14:06:36.527+05:30  INFO 8592 --- [main] w.s.c.ServletWebServerApplicationContext : Root WebApplicationContext: initialization completed in 1231 ms
2023-10-27T14:06:36.677+05:30  INFO 8592 --- [main] o.hibernate.jpa.internal.util.LogHelper  : HHH000204: Processing PersistenceUnitInfo [name: default]
2023-10-27T14:06:36.723+05:30  INFO 8592 --- [main] org.hibernate.Version                    : HHH000412: Hibernate ORM core version 6.1.7.Final
2023-10-27T14:06:36.970+05:30  INFO 8592 --- [main] com.zaxxer.hikari.HikariDataSource       : HikariPool-1 - Starting...
2023-10-27T14:06:37.166+05:30  INFO 8592 --- [main] com.zaxxer.hikari.pool.HikariPool        : HikariPool-1 - Added connection org.postgresql.jdbc.PgConnection@2a19a0fe
2023-10-27T14:06:37.168+05:30  INFO 8592 --- [main] com.zaxxer.hikari.HikariDataSource       : HikariPool-1 - Start completed.
2023-10-27T14:06:37.220+05:30  INFO 8592 --- [main] SQL dialect                              : HHH000400: Using dialect: org.hibernate.dialect.PostgreSQLDialect
2023-10-27T14:06:37.920+05:30  INFO 8592 --- [main] o.h.e.t.j.p.i.JtaPlatformInitiator       : HHH000490: Using JtaPlatform implementation: [org.hibernate.engine.transaction.jta.platform.internal.NoJtaPlatform]
2023-10-27T14:06:37.932+05:30  INFO 8592 --- [main] j.LocalContainerEntityManagerFactoryBean : Initialized JPA EntityManagerFactory for persistence unit 'default'
2023-10-27T14:06:38.268+05:30  WARN 8592 --- [main] JpaBaseConfiguration$JpaWebConfiguration : spring.jpa.open-in-view is enabled by default. Therefore, database queries may be performed during view rendering. Explicitly configure spring.jpa.open-in-view to disable this warning
2023-10-27T14:06:38.614+05:30  INFO 8592 --- [main] o.s.b.w.embedded.tomcat.TomcatWebServer  : Tomcat started on port(s): 8081 (http) with context path ''
2023-10-27T14:06:38.625+05:30  INFO 8592 --- [main] c.b.post.BlogAppPostServerApplication    : Started BlogAppPostServerApplication in 3.828 seconds (process running for 4.493)
2023-10-27T14:06:49.785+05:30  INFO 8592 --- [http-nio-8081-exec-1] o.a.c.c.C.[Tomcat].[localhost].[/]       : Initializing Spring DispatcherServlet 'dispatcherServlet'
2023-10-27T14:06:49.786+05:30  INFO 8592 --- [http-nio-8081-exec-1] o.s.web.servlet.DispatcherServlet        : Initializing Servlet 'dispatcherServlet'
2023-10-27T14:06:49.789+05:30  INFO 8592 --- [http-nio-8081-exec-1] o.s.web.servlet.DispatcherServlet        : Completed initialization in 2 ms
2023-10-27T14:06:49.970+05:30  INFO 8592 --- [http-nio-8081-exec-1] c.b.post.controller.PostController       : GET /- Post with postId: 1 found
2023-10-27T14:08:31.646+05:30  INFO 8592 --- [RMI TCP Connection(11)-127.0.0.1] inMXBeanRegistrar$SpringApplicationAdmin : Application shutdown requested.
2023-10-27T14:08:31.660+05:30  INFO 8592 --- [RMI TCP Connection(11)-127.0.0.1] o.apache.catalina.core.StandardService   : Stopping service [Tomcat]
2023-10-27T14:08:31.663+05:30  INFO 8592 --- [RMI TCP Connection(11)-127.0.0.1] o.a.c.c.C.[Tomcat].[localhost].[/]       : Destroying Spring FrameworkServlet 'dispatcherServlet'
2023-10-27T14:08:31.670+05:30  INFO 8592 --- [RMI TCP Connection(11)-127.0.0.1] j.LocalContainerEntityManagerFactoryBean : Closing JPA EntityManagerFactory for persistence unit 'default'
2023-10-27T14:08:31.673+05:30  INFO 8592 --- [RMI TCP Connection(11)-127.0.0.1] com.zaxxer.hikari.HikariDataSource       : HikariPool-1 - Shutdown initiated...
2023-10-27T14:08:31.677+05:30  INFO 8592 --- [RMI TCP Connection(11)-127.0.0.1] com.zaxxer.hikari.HikariDataSource       : HikariPool-1 - Shutdown completed.
2023-10-27T15:10:53.114+05:30  INFO 20908 --- [main] c.b.post.BlogAppPostServerApplication    : Starting BlogAppPostServerApplication using Java 17.0.7 with PID 20908 (C:\Users\nkundur\Documents\Work\blog-app-spring\blog-app-post-server\target\classes started by NKUNDUR in C:\Users\nkundur\Documents\Work\blog-app-spring\blog-app-post-server)
2023-10-27T15:10:53.117+05:30  INFO 20908 --- [main] c.b.post.BlogAppPostServerApplication    : No active profile set, falling back to 1 default profile: "default"
2023-10-27T15:10:53.916+05:30  INFO 20908 --- [main] .s.d.r.c.RepositoryConfigurationDelegate : Bootstrapping Spring Data JPA repositories in DEFAULT mode.
2023-10-27T15:10:53.974+05:30  INFO 20908 --- [main] .s.d.r.c.RepositoryConfigurationDelegate : Finished Spring Data repository scanning in 50 ms. Found 1 JPA repository interfaces.
2023-10-27T15:10:54.526+05:30  INFO 20908 --- [main] o.s.b.w.embedded.tomcat.TomcatWebServer  : Tomcat initialized with port(s): 8081 (http)
2023-10-27T15:10:54.538+05:30  INFO 20908 --- [main] o.apache.catalina.core.StandardService   : Starting service [Tomcat]
2023-10-27T15:10:54.539+05:30  INFO 20908 --- [main] o.apache.catalina.core.StandardEngine    : Starting Servlet engine: [Apache Tomcat/10.1.15]
2023-10-27T15:10:54.658+05:30  INFO 20908 --- [main] o.a.c.c.C.[Tomcat].[localhost].[/]       : Initializing Spring embedded WebApplicationContext
2023-10-27T15:10:54.659+05:30  INFO 20908 --- [main] w.s.c.ServletWebServerApplicationContext : Root WebApplicationContext: initialization completed in 1497 ms
2023-10-27T15:10:54.902+05:30  INFO 20908 --- [main] o.hibernate.jpa.internal.util.LogHelper  : HHH000204: Processing PersistenceUnitInfo [name: default]
2023-10-27T15:10:54.949+05:30  INFO 20908 --- [main] org.hibernate.Version                    : HHH000412: Hibernate ORM core version 6.1.7.Final
2023-10-27T15:10:55.225+05:30  INFO 20908 --- [main] com.zaxxer.hikari.HikariDataSource       : HikariPool-1 - Starting...
2023-10-27T15:10:55.549+05:30  INFO 20908 --- [main] com.zaxxer.hikari.pool.HikariPool        : HikariPool-1 - Added connection org.postgresql.jdbc.PgConnection@56872fcb
2023-10-27T15:10:55.551+05:30  INFO 20908 --- [main] com.zaxxer.hikari.HikariDataSource       : HikariPool-1 - Start completed.
2023-10-27T15:10:55.604+05:30  INFO 20908 --- [main] SQL dialect                              : HHH000400: Using dialect: org.hibernate.dialect.PostgreSQLDialect
2023-10-27T15:10:56.355+05:30  INFO 20908 --- [main] o.h.e.t.j.p.i.JtaPlatformInitiator       : HHH000490: Using JtaPlatform implementation: [org.hibernate.engine.transaction.jta.platform.internal.NoJtaPlatform]
2023-10-27T15:10:56.366+05:30  INFO 20908 --- [main] j.LocalContainerEntityManagerFactoryBean : Initialized JPA EntityManagerFactory for persistence unit 'default'
2023-10-27T15:10:56.683+05:30  WARN 20908 --- [main] JpaBaseConfiguration$JpaWebConfiguration : spring.jpa.open-in-view is enabled by default. Therefore, database queries may be performed during view rendering. Explicitly configure spring.jpa.open-in-view to disable this warning
2023-10-27T15:10:57.215+05:30  INFO 20908 --- [main] o.s.b.a.e.web.EndpointLinksResolver      : Exposing 1 endpoint(s) beneath base path '/actuator'
2023-10-27T15:10:57.312+05:30  INFO 20908 --- [main] o.s.b.w.embedded.tomcat.TomcatWebServer  : Tomcat started on port(s): 8081 (http) with context path ''
2023-10-27T15:10:57.327+05:30  INFO 20908 --- [main] c.b.post.BlogAppPostServerApplication    : Started BlogAppPostServerApplication in 4.628 seconds (process running for 5.319)
2023-10-27T15:10:57.805+05:30  INFO 20908 --- [RMI TCP Connection(9)-127.0.0.1] o.a.c.c.C.[Tomcat].[localhost].[/]       : Initializing Spring DispatcherServlet 'dispatcherServlet'
2023-10-27T15:10:57.806+05:30  INFO 20908 --- [RMI TCP Connection(9)-127.0.0.1] o.s.web.servlet.DispatcherServlet        : Initializing Servlet 'dispatcherServlet'
2023-10-27T15:10:57.807+05:30  INFO 20908 --- [RMI TCP Connection(9)-127.0.0.1] o.s.web.servlet.DispatcherServlet        : Completed initialization in 1 ms
2023-10-27T15:11:16.527+05:30  INFO 20908 --- [http-nio-8081-exec-1] b.p.a.ServiceInterceptor$$SpringCGLIB$$0 : Intercept before /- All posts fetched.
2023-10-27T15:13:42.399+05:30  INFO 20908 --- [RMI TCP Connection(12)-127.0.0.1] inMXBeanRegistrar$SpringApplicationAdmin : Application shutdown requested.
2023-10-27T15:13:42.416+05:30  INFO 20908 --- [RMI TCP Connection(12)-127.0.0.1] o.apache.catalina.core.StandardService   : Stopping service [Tomcat]
2023-10-27T15:13:42.418+05:30  INFO 20908 --- [RMI TCP Connection(12)-127.0.0.1] o.a.c.c.C.[Tomcat].[localhost].[/]       : Destroying Spring FrameworkServlet 'dispatcherServlet'
2023-10-27T15:13:42.427+05:30  INFO 20908 --- [RMI TCP Connection(12)-127.0.0.1] j.LocalContainerEntityManagerFactoryBean : Closing JPA EntityManagerFactory for persistence unit 'default'
2023-10-27T15:13:42.430+05:30  INFO 20908 --- [RMI TCP Connection(12)-127.0.0.1] com.zaxxer.hikari.HikariDataSource       : HikariPool-1 - Shutdown initiated...
2023-10-27T15:13:42.434+05:30  INFO 20908 --- [RMI TCP Connection(12)-127.0.0.1] com.zaxxer.hikari.HikariDataSource       : HikariPool-1 - Shutdown completed.
2023-10-27T15:20:26.506+05:30  INFO 19968 --- [main] c.b.post.BlogAppPostServerApplication    : Starting BlogAppPostServerApplication using Java 17.0.7 with PID 19968 (C:\Users\nkundur\Documents\Work\blog-app-spring\blog-app-post-server\target\classes started by NKUNDUR in C:\Users\nkundur\Documents\Work\blog-app-spring\blog-app-post-server)
2023-10-27T15:20:26.509+05:30  INFO 19968 --- [main] c.b.post.BlogAppPostServerApplication    : No active profile set, falling back to 1 default profile: "default"
2023-10-27T15:20:27.341+05:30  INFO 19968 --- [main] .s.d.r.c.RepositoryConfigurationDelegate : Bootstrapping Spring Data JPA repositories in DEFAULT mode.
2023-10-27T15:20:27.398+05:30  INFO 19968 --- [main] .s.d.r.c.RepositoryConfigurationDelegate : Finished Spring Data repository scanning in 49 ms. Found 1 JPA repository interfaces.
2023-10-27T15:20:27.950+05:30  INFO 19968 --- [main] o.s.b.w.embedded.tomcat.TomcatWebServer  : Tomcat initialized with port(s): 8081 (http)
2023-10-27T15:20:27.963+05:30  INFO 19968 --- [main] o.apache.catalina.core.StandardService   : Starting service [Tomcat]
2023-10-27T15:20:27.965+05:30  INFO 19968 --- [main] o.apache.catalina.core.StandardEngine    : Starting Servlet engine: [Apache Tomcat/10.1.15]
2023-10-27T15:20:28.081+05:30  INFO 19968 --- [main] o.a.c.c.C.[Tomcat].[localhost].[/]       : Initializing Spring embedded WebApplicationContext
2023-10-27T15:20:28.081+05:30  INFO 19968 --- [main] w.s.c.ServletWebServerApplicationContext : Root WebApplicationContext: initialization completed in 1521 ms
2023-10-27T15:20:28.311+05:30  INFO 19968 --- [main] o.hibernate.jpa.internal.util.LogHelper  : HHH000204: Processing PersistenceUnitInfo [name: default]
2023-10-27T15:20:28.361+05:30  INFO 19968 --- [main] org.hibernate.Version                    : HHH000412: Hibernate ORM core version 6.1.7.Final
2023-10-27T15:20:28.605+05:30  INFO 19968 --- [main] com.zaxxer.hikari.HikariDataSource       : HikariPool-1 - Starting...
2023-10-27T15:20:28.805+05:30  INFO 19968 --- [main] com.zaxxer.hikari.pool.HikariPool        : HikariPool-1 - Added connection org.postgresql.jdbc.PgConnection@7b3c2ae0
2023-10-27T15:20:28.807+05:30  INFO 19968 --- [main] com.zaxxer.hikari.HikariDataSource       : HikariPool-1 - Start completed.
2023-10-27T15:20:28.850+05:30  INFO 19968 --- [main] SQL dialect                              : HHH000400: Using dialect: org.hibernate.dialect.PostgreSQLDialect
2023-10-27T15:20:29.563+05:30  INFO 19968 --- [main] o.h.e.t.j.p.i.JtaPlatformInitiator       : HHH000490: Using JtaPlatform implementation: [org.hibernate.engine.transaction.jta.platform.internal.NoJtaPlatform]
2023-10-27T15:20:29.575+05:30  INFO 19968 --- [main] j.LocalContainerEntityManagerFactoryBean : Initialized JPA EntityManagerFactory for persistence unit 'default'
2023-10-27T15:20:29.877+05:30  WARN 19968 --- [main] JpaBaseConfiguration$JpaWebConfiguration : spring.jpa.open-in-view is enabled by default. Therefore, database queries may be performed during view rendering. Explicitly configure spring.jpa.open-in-view to disable this warning
2023-10-27T15:20:30.366+05:30  INFO 19968 --- [main] o.s.b.a.e.web.EndpointLinksResolver      : Exposing 3 endpoint(s) beneath base path '/actuator'
2023-10-27T15:20:30.452+05:30  INFO 19968 --- [main] o.s.b.w.embedded.tomcat.TomcatWebServer  : Tomcat started on port(s): 8081 (http) with context path ''
2023-10-27T15:20:30.467+05:30  INFO 19968 --- [main] c.b.post.BlogAppPostServerApplication    : Started BlogAppPostServerApplication in 4.396 seconds (process running for 5.086)
2023-10-27T15:20:30.715+05:30  INFO 19968 --- [RMI TCP Connection(8)-127.0.0.1] o.a.c.c.C.[Tomcat].[localhost].[/]       : Initializing Spring DispatcherServlet 'dispatcherServlet'
2023-10-27T15:20:30.715+05:30  INFO 19968 --- [RMI TCP Connection(8)-127.0.0.1] o.s.web.servlet.DispatcherServlet        : Initializing Servlet 'dispatcherServlet'
2023-10-27T15:20:30.717+05:30  INFO 19968 --- [RMI TCP Connection(8)-127.0.0.1] o.s.web.servlet.DispatcherServlet        : Completed initialization in 2 ms
2023-10-27T15:21:31.045+05:30  INFO 19968 --- [RMI TCP Connection(10)-127.0.0.1] inMXBeanRegistrar$SpringApplicationAdmin : Application shutdown requested.
2023-10-27T15:21:31.060+05:30  INFO 19968 --- [RMI TCP Connection(10)-127.0.0.1] o.apache.catalina.core.StandardService   : Stopping service [Tomcat]
2023-10-27T15:21:31.061+05:30  INFO 19968 --- [RMI TCP Connection(10)-127.0.0.1] o.a.c.c.C.[Tomcat].[localhost].[/]       : Destroying Spring FrameworkServlet 'dispatcherServlet'
2023-10-27T15:21:31.070+05:30  INFO 19968 --- [RMI TCP Connection(10)-127.0.0.1] j.LocalContainerEntityManagerFactoryBean : Closing JPA EntityManagerFactory for persistence unit 'default'
2023-10-27T15:21:31.073+05:30  INFO 19968 --- [RMI TCP Connection(10)-127.0.0.1] com.zaxxer.hikari.HikariDataSource       : HikariPool-1 - Shutdown initiated...
2023-10-27T15:21:31.077+05:30  INFO 19968 --- [RMI TCP Connection(10)-127.0.0.1] com.zaxxer.hikari.HikariDataSource       : HikariPool-1 - Shutdown completed.
2023-10-27T15:21:40.407+05:30  INFO 20400 --- [main] c.b.post.BlogAppPostServerApplication    : Starting BlogAppPostServerApplication using Java 17.0.7 with PID 20400 (C:\Users\nkundur\Documents\Work\blog-app-spring\blog-app-post-server\target\classes started by NKUNDUR in C:\Users\nkundur\Documents\Work\blog-app-spring\blog-app-post-server)
2023-10-27T15:21:40.410+05:30  INFO 20400 --- [main] c.b.post.BlogAppPostServerApplication    : No active profile set, falling back to 1 default profile: "default"
2023-10-27T15:21:41.186+05:30  INFO 20400 --- [main] .s.d.r.c.RepositoryConfigurationDelegate : Bootstrapping Spring Data JPA repositories in DEFAULT mode.
2023-10-27T15:21:41.248+05:30  INFO 20400 --- [main] .s.d.r.c.RepositoryConfigurationDelegate : Finished Spring Data repository scanning in 54 ms. Found 1 JPA repository interfaces.
2023-10-27T15:21:41.819+05:30  INFO 20400 --- [main] o.s.b.w.embedded.tomcat.TomcatWebServer  : Tomcat initialized with port(s): 8081 (http)
2023-10-27T15:21:41.828+05:30  INFO 20400 --- [main] o.apache.catalina.core.StandardService   : Starting service [Tomcat]
2023-10-27T15:21:41.829+05:30  INFO 20400 --- [main] o.apache.catalina.core.StandardEngine    : Starting Servlet engine: [Apache Tomcat/10.1.15]
2023-10-27T15:21:41.939+05:30  INFO 20400 --- [main] o.a.c.c.C.[Tomcat].[localhost].[/]       : Initializing Spring embedded WebApplicationContext
2023-10-27T15:21:41.940+05:30  INFO 20400 --- [main] w.s.c.ServletWebServerApplicationContext : Root WebApplicationContext: initialization completed in 1489 ms
2023-10-27T15:21:42.186+05:30  INFO 20400 --- [main] o.hibernate.jpa.internal.util.LogHelper  : HHH000204: Processing PersistenceUnitInfo [name: default]
2023-10-27T15:21:42.234+05:30  INFO 20400 --- [main] org.hibernate.Version                    : HHH000412: Hibernate ORM core version 6.1.7.Final
2023-10-27T15:21:42.504+05:30  INFO 20400 --- [main] com.zaxxer.hikari.HikariDataSource       : HikariPool-1 - Starting...
2023-10-27T15:21:42.696+05:30  INFO 20400 --- [main] com.zaxxer.hikari.pool.HikariPool        : HikariPool-1 - Added connection org.postgresql.jdbc.PgConnection@7b3c2ae0
2023-10-27T15:21:42.698+05:30  INFO 20400 --- [main] com.zaxxer.hikari.HikariDataSource       : HikariPool-1 - Start completed.
2023-10-27T15:21:42.753+05:30  INFO 20400 --- [main] SQL dialect                              : HHH000400: Using dialect: org.hibernate.dialect.PostgreSQLDialect
2023-10-27T15:21:43.462+05:30  INFO 20400 --- [main] o.h.e.t.j.p.i.JtaPlatformInitiator       : HHH000490: Using JtaPlatform implementation: [org.hibernate.engine.transaction.jta.platform.internal.NoJtaPlatform]
2023-10-27T15:21:43.474+05:30  INFO 20400 --- [main] j.LocalContainerEntityManagerFactoryBean : Initialized JPA EntityManagerFactory for persistence unit 'default'
2023-10-27T15:21:43.799+05:30  WARN 20400 --- [main] JpaBaseConfiguration$JpaWebConfiguration : spring.jpa.open-in-view is enabled by default. Therefore, database queries may be performed during view rendering. Explicitly configure spring.jpa.open-in-view to disable this warning
2023-10-27T15:21:44.290+05:30  INFO 20400 --- [main] o.s.b.a.e.web.EndpointLinksResolver      : Exposing 3 endpoint(s) beneath base path '/actuator'
2023-10-27T15:21:44.383+05:30  INFO 20400 --- [main] o.s.b.w.embedded.tomcat.TomcatWebServer  : Tomcat started on port(s): 8081 (http) with context path ''
2023-10-27T15:21:44.399+05:30  INFO 20400 --- [main] c.b.post.BlogAppPostServerApplication    : Started BlogAppPostServerApplication in 4.414 seconds (process running for 5.109)
2023-10-27T15:21:44.662+05:30  INFO 20400 --- [RMI TCP Connection(9)-127.0.0.1] o.a.c.c.C.[Tomcat].[localhost].[/]       : Initializing Spring DispatcherServlet 'dispatcherServlet'
2023-10-27T15:21:44.663+05:30  INFO 20400 --- [RMI TCP Connection(9)-127.0.0.1] o.s.web.servlet.DispatcherServlet        : Initializing Servlet 'dispatcherServlet'
2023-10-27T15:21:44.665+05:30  INFO 20400 --- [RMI TCP Connection(9)-127.0.0.1] o.s.web.servlet.DispatcherServlet        : Completed initialization in 1 ms
2023-10-27T15:22:42.816+05:30  INFO 20400 --- [RMI TCP Connection(10)-127.0.0.1] inMXBeanRegistrar$SpringApplicationAdmin : Application shutdown requested.
2023-10-27T15:22:42.832+05:30  INFO 20400 --- [RMI TCP Connection(10)-127.0.0.1] o.apache.catalina.core.StandardService   : Stopping service [Tomcat]
2023-10-27T15:22:42.833+05:30  INFO 20400 --- [RMI TCP Connection(10)-127.0.0.1] o.a.c.c.C.[Tomcat].[localhost].[/]       : Destroying Spring FrameworkServlet 'dispatcherServlet'
2023-10-27T15:22:42.844+05:30  INFO 20400 --- [RMI TCP Connection(10)-127.0.0.1] j.LocalContainerEntityManagerFactoryBean : Closing JPA EntityManagerFactory for persistence unit 'default'
2023-10-27T15:22:42.847+05:30  INFO 20400 --- [RMI TCP Connection(10)-127.0.0.1] com.zaxxer.hikari.HikariDataSource       : HikariPool-1 - Shutdown initiated...
2023-10-27T15:22:42.850+05:30  INFO 20400 --- [RMI TCP Connection(10)-127.0.0.1] com.zaxxer.hikari.HikariDataSource       : HikariPool-1 - Shutdown completed.
2023-10-27T15:22:51.353+05:30  INFO 5972 --- [main] c.b.post.BlogAppPostServerApplication    : Starting BlogAppPostServerApplication using Java 17.0.7 with PID 5972 (C:\Users\nkundur\Documents\Work\blog-app-spring\blog-app-post-server\target\classes started by NKUNDUR in C:\Users\nkundur\Documents\Work\blog-app-spring\blog-app-post-server)
2023-10-27T15:22:51.357+05:30  INFO 5972 --- [main] c.b.post.BlogAppPostServerApplication    : No active profile set, falling back to 1 default profile: "default"
2023-10-27T15:22:52.120+05:30  INFO 5972 --- [main] .s.d.r.c.RepositoryConfigurationDelegate : Bootstrapping Spring Data JPA repositories in DEFAULT mode.
2023-10-27T15:22:52.181+05:30  INFO 5972 --- [main] .s.d.r.c.RepositoryConfigurationDelegate : Finished Spring Data repository scanning in 51 ms. Found 1 JPA repository interfaces.
2023-10-27T15:22:52.762+05:30  INFO 5972 --- [main] o.s.b.w.embedded.tomcat.TomcatWebServer  : Tomcat initialized with port(s): 8081 (http)
2023-10-27T15:22:52.773+05:30  INFO 5972 --- [main] o.apache.catalina.core.StandardService   : Starting service [Tomcat]
2023-10-27T15:22:52.773+05:30  INFO 5972 --- [main] o.apache.catalina.core.StandardEngine    : Starting Servlet engine: [Apache Tomcat/10.1.15]
2023-10-27T15:22:52.881+05:30  INFO 5972 --- [main] o.a.c.c.C.[Tomcat].[localhost].[/]       : Initializing Spring embedded WebApplicationContext
2023-10-27T15:22:52.881+05:30  INFO 5972 --- [main] w.s.c.ServletWebServerApplicationContext : Root WebApplicationContext: initialization completed in 1478 ms
2023-10-27T15:22:53.119+05:30  INFO 5972 --- [main] o.hibernate.jpa.internal.util.LogHelper  : HHH000204: Processing PersistenceUnitInfo [name: default]
2023-10-27T15:22:53.164+05:30  INFO 5972 --- [main] org.hibernate.Version                    : HHH000412: Hibernate ORM core version 6.1.7.Final
2023-10-27T15:22:53.403+05:30  INFO 5972 --- [main] com.zaxxer.hikari.HikariDataSource       : HikariPool-1 - Starting...
2023-10-27T15:22:53.598+05:30  INFO 5972 --- [main] com.zaxxer.hikari.pool.HikariPool        : HikariPool-1 - Added connection org.postgresql.jdbc.PgConnection@38cb1606
2023-10-27T15:22:53.600+05:30  INFO 5972 --- [main] com.zaxxer.hikari.HikariDataSource       : HikariPool-1 - Start completed.
2023-10-27T15:22:53.646+05:30  INFO 5972 --- [main] SQL dialect                              : HHH000400: Using dialect: org.hibernate.dialect.PostgreSQLDialect
2023-10-27T15:22:54.328+05:30  INFO 5972 --- [main] o.h.e.t.j.p.i.JtaPlatformInitiator       : HHH000490: Using JtaPlatform implementation: [org.hibernate.engine.transaction.jta.platform.internal.NoJtaPlatform]
2023-10-27T15:22:54.339+05:30  INFO 5972 --- [main] j.LocalContainerEntityManagerFactoryBean : Initialized JPA EntityManagerFactory for persistence unit 'default'
2023-10-27T15:22:54.632+05:30  WARN 5972 --- [main] JpaBaseConfiguration$JpaWebConfiguration : spring.jpa.open-in-view is enabled by default. Therefore, database queries may be performed during view rendering. Explicitly configure spring.jpa.open-in-view to disable this warning
2023-10-27T15:22:55.117+05:30  INFO 5972 --- [main] o.s.b.a.e.web.EndpointLinksResolver      : Exposing 3 endpoint(s) beneath base path '/actuator'
2023-10-27T15:22:55.207+05:30  INFO 5972 --- [main] o.s.b.w.embedded.tomcat.TomcatWebServer  : Tomcat started on port(s): 8081 (http) with context path ''
2023-10-27T15:22:55.221+05:30  INFO 5972 --- [main] c.b.post.BlogAppPostServerApplication    : Started BlogAppPostServerApplication in 4.267 seconds (process running for 4.963)
2023-10-27T15:22:55.649+05:30  INFO 5972 --- [RMI TCP Connection(9)-127.0.0.1] o.a.c.c.C.[Tomcat].[localhost].[/]       : Initializing Spring DispatcherServlet 'dispatcherServlet'
2023-10-27T15:22:55.649+05:30  INFO 5972 --- [RMI TCP Connection(9)-127.0.0.1] o.s.web.servlet.DispatcherServlet        : Initializing Servlet 'dispatcherServlet'
2023-10-27T15:22:55.651+05:30  INFO 5972 --- [RMI TCP Connection(9)-127.0.0.1] o.s.web.servlet.DispatcherServlet        : Completed initialization in 2 ms
2023-10-27T15:23:22.800+05:30  INFO 5972 --- [RMI TCP Connection(11)-127.0.0.1] inMXBeanRegistrar$SpringApplicationAdmin : Application shutdown requested.
2023-10-27T15:23:22.814+05:30  INFO 5972 --- [RMI TCP Connection(11)-127.0.0.1] o.apache.catalina.core.StandardService   : Stopping service [Tomcat]
2023-10-27T15:23:22.816+05:30  INFO 5972 --- [RMI TCP Connection(11)-127.0.0.1] o.a.c.c.C.[Tomcat].[localhost].[/]       : Destroying Spring FrameworkServlet 'dispatcherServlet'
2023-10-27T15:23:22.825+05:30  INFO 5972 --- [RMI TCP Connection(11)-127.0.0.1] j.LocalContainerEntityManagerFactoryBean : Closing JPA EntityManagerFactory for persistence unit 'default'
2023-10-27T15:23:22.828+05:30  INFO 5972 --- [RMI TCP Connection(11)-127.0.0.1] com.zaxxer.hikari.HikariDataSource       : HikariPool-1 - Shutdown initiated...
2023-10-27T15:23:22.831+05:30  INFO 5972 --- [RMI TCP Connection(11)-127.0.0.1] com.zaxxer.hikari.HikariDataSource       : HikariPool-1 - Shutdown completed.
2023-10-27T15:23:31.153+05:30  INFO 19092 --- [main] c.b.post.BlogAppPostServerApplication    : Starting BlogAppPostServerApplication using Java 17.0.7 with PID 19092 (C:\Users\nkundur\Documents\Work\blog-app-spring\blog-app-post-server\target\classes started by NKUNDUR in C:\Users\nkundur\Documents\Work\blog-app-spring\blog-app-post-server)
2023-10-27T15:23:31.156+05:30  INFO 19092 --- [main] c.b.post.BlogAppPostServerApplication    : No active profile set, falling back to 1 default profile: "default"
2023-10-27T15:23:31.935+05:30  INFO 19092 --- [main] .s.d.r.c.RepositoryConfigurationDelegate : Bootstrapping Spring Data JPA repositories in DEFAULT mode.
2023-10-27T15:23:32.001+05:30  INFO 19092 --- [main] .s.d.r.c.RepositoryConfigurationDelegate : Finished Spring Data repository scanning in 57 ms. Found 1 JPA repository interfaces.
2023-10-27T15:23:32.534+05:30  INFO 19092 --- [main] o.s.b.w.embedded.tomcat.TomcatWebServer  : Tomcat initialized with port(s): 8081 (http)
2023-10-27T15:23:32.543+05:30  INFO 19092 --- [main] o.apache.catalina.core.StandardService   : Starting service [Tomcat]
2023-10-27T15:23:32.544+05:30  INFO 19092 --- [main] o.apache.catalina.core.StandardEngine    : Starting Servlet engine: [Apache Tomcat/10.1.15]
2023-10-27T15:23:32.658+05:30  INFO 19092 --- [main] o.a.c.c.C.[Tomcat].[localhost].[/]       : Initializing Spring embedded WebApplicationContext
2023-10-27T15:23:32.659+05:30  INFO 19092 --- [main] w.s.c.ServletWebServerApplicationContext : Root WebApplicationContext: initialization completed in 1454 ms
2023-10-27T15:23:32.883+05:30  INFO 19092 --- [main] o.hibernate.jpa.internal.util.LogHelper  : HHH000204: Processing PersistenceUnitInfo [name: default]
2023-10-27T15:23:32.936+05:30  INFO 19092 --- [main] org.hibernate.Version                    : HHH000412: Hibernate ORM core version 6.1.7.Final
2023-10-27T15:23:33.171+05:30  INFO 19092 --- [main] com.zaxxer.hikari.HikariDataSource       : HikariPool-1 - Starting...
2023-10-27T15:23:33.367+05:30  INFO 19092 --- [main] com.zaxxer.hikari.pool.HikariPool        : HikariPool-1 - Added connection org.postgresql.jdbc.PgConnection@7b3085a3
2023-10-27T15:23:33.369+05:30  INFO 19092 --- [main] com.zaxxer.hikari.HikariDataSource       : HikariPool-1 - Start completed.
2023-10-27T15:23:33.421+05:30  INFO 19092 --- [main] SQL dialect                              : HHH000400: Using dialect: org.hibernate.dialect.PostgreSQLDialect
2023-10-27T15:23:34.181+05:30  INFO 19092 --- [main] o.h.e.t.j.p.i.JtaPlatformInitiator       : HHH000490: Using JtaPlatform implementation: [org.hibernate.engine.transaction.jta.platform.internal.NoJtaPlatform]
2023-10-27T15:23:34.195+05:30  INFO 19092 --- [main] j.LocalContainerEntityManagerFactoryBean : Initialized JPA EntityManagerFactory for persistence unit 'default'
2023-10-27T15:23:34.492+05:30  WARN 19092 --- [main] JpaBaseConfiguration$JpaWebConfiguration : spring.jpa.open-in-view is enabled by default. Therefore, database queries may be performed during view rendering. Explicitly configure spring.jpa.open-in-view to disable this warning
2023-10-27T15:23:35.012+05:30  INFO 19092 --- [main] o.s.b.a.e.web.EndpointLinksResolver      : Exposing 4 endpoint(s) beneath base path '/actuator'
2023-10-27T15:23:35.111+05:30  INFO 19092 --- [main] o.s.b.w.embedded.tomcat.TomcatWebServer  : Tomcat started on port(s): 8081 (http) with context path ''
2023-10-27T15:23:35.128+05:30  INFO 19092 --- [main] c.b.post.BlogAppPostServerApplication    : Started BlogAppPostServerApplication in 4.379 seconds (process running for 5.079)
2023-10-27T15:23:35.356+05:30  INFO 19092 --- [RMI TCP Connection(8)-127.0.0.1] o.a.c.c.C.[Tomcat].[localhost].[/]       : Initializing Spring DispatcherServlet 'dispatcherServlet'
2023-10-27T15:23:35.357+05:30  INFO 19092 --- [RMI TCP Connection(8)-127.0.0.1] o.s.web.servlet.DispatcherServlet        : Initializing Servlet 'dispatcherServlet'
2023-10-27T15:23:35.358+05:30  INFO 19092 --- [RMI TCP Connection(8)-127.0.0.1] o.s.web.servlet.DispatcherServlet        : Completed initialization in 1 ms
2023-10-27T15:24:10.721+05:30  INFO 19092 --- [RMI TCP Connection(10)-127.0.0.1] inMXBeanRegistrar$SpringApplicationAdmin : Application shutdown requested.
2023-10-27T15:24:10.740+05:30  INFO 19092 --- [RMI TCP Connection(10)-127.0.0.1] o.apache.catalina.core.StandardService   : Stopping service [Tomcat]
2023-10-27T15:24:10.741+05:30  INFO 19092 --- [RMI TCP Connection(10)-127.0.0.1] o.a.c.c.C.[Tomcat].[localhost].[/]       : Destroying Spring FrameworkServlet 'dispatcherServlet'
2023-10-27T15:24:10.750+05:30  INFO 19092 --- [RMI TCP Connection(10)-127.0.0.1] j.LocalContainerEntityManagerFactoryBean : Closing JPA EntityManagerFactory for persistence unit 'default'
2023-10-27T15:24:10.753+05:30  INFO 19092 --- [RMI TCP Connection(10)-127.0.0.1] com.zaxxer.hikari.HikariDataSource       : HikariPool-1 - Shutdown initiated...
2023-10-27T15:24:10.757+05:30  INFO 19092 --- [RMI TCP Connection(10)-127.0.0.1] com.zaxxer.hikari.HikariDataSource       : HikariPool-1 - Shutdown completed.
